INFO:__main__: 6.9.2024-22:10:0: Start
INFO:__main__: 6.9.2024-22:10:0: audio/arabic-drum-2-acidpro.mp3 Artists not found in Metadata. Skip
INFO:__main__: 6.9.2024-22:10:0: audio/arabic-drum-2-acidpro.mp3 Genre not found in Metadata. Skip
INFO:__main__: 6.9.2024-22:10:0: audio/arabic-drum-2-acidpro.mp3 BPM not found in Metadata. Skip
INFO:__main__: 6.9.2024-22:10:0: audio/A_GuitarTuner\A.mp3 Problem with ID3. Will skip this
INFO:__main__: 6.9.2024-22:10:0: audio/A_GuitarTuner\B.mp3 Problem with ID3. Will skip this
INFO:__main__: 6.9.2024-22:10:0: audio/A_GuitarTuner\D.mp3 Problem with ID3. Will skip this
INFO:__main__: 6.9.2024-22:10:0: audio/A_GuitarTuner\E_high.mp3 Problem with ID3. Will skip this
INFO:__main__: 6.9.2024-22:10:0: audio/A_GuitarTuner\E_low.mp3 Problem with ID3. Will skip this
INFO:__main__: 6.9.2024-22:10:0: audio/A_GuitarTuner\G.mp3 Problem with ID3. Will skip this
INFO:__main__: 6.9.2024-22:10:0: audio/A_Transformers\Barricade.mp3 BPM not found in Metadata. Skip
INFO:__main__: 6.9.2024-22:10:0: audio/A_Transformers\Blackout.mp3 BPM not found in Metadata. Skip
INFO:__main__: 6.9.2024-22:10:0: audio/A_Transformers\Bonecrusher.mp3 BPM not found in Metadata. Skip
INFO:__main__: 6.9.2024-22:10:0: audio/A_Transformers\Bumblebee.mp3 BPM not found in Metadata. Skip
INFO:__main__: 6.9.2024-22:10:0: audio/A_Transformers\Frenzy.mp3 BPM not found in Metadata. Skip
INFO:__main__: 6.9.2024-22:10:0: audio/A_Transformers\Ironhide.mp3 BPM not found in Metadata. Skip
INFO:__main__: 6.9.2024-22:10:0: audio/A_Transformers\Jazz.mp3 BPM not found in Metadata. Skip
INFO:__main__: 6.9.2024-22:10:0: audio/A_Transformers\Megatron.mp3 BPM not found in Metadata. Skip
INFO:__main__: 6.9.2024-22:10:0: audio/A_Transformers\OptimusPrime.mp3 BPM not found in Metadata. Skip
INFO:__main__: 6.9.2024-22:10:0: audio/A_Transformers\Ratchet.mp3 BPM not found in Metadata. Skip
INFO:__main__: 6.9.2024-22:10:0: audio/A_Transformers\Starscream.mp3 BPM not found in Metadata. Skip
INFO:__main__: 6.9.2024-22:10:0: audio/A_Trap\Hard-Trap-Beat.mp3 Artists not found in Metadata. Skip
INFO:__main__: 6.9.2024-22:10:0: audio/A_Trap\Hard-Trap-Beat.mp3 Genre not found in Metadata. Skip
INFO:__main__: 6.9.2024-22:10:0: audio/A_Trap\Hard-Trap-Beat.mp3 BPM not found in Metadata. Skip
INFO:__main__: 6.9.2024-22:10:0: audio/A_Trap\wondagurl.mp3 Artists not found in Metadata. Skip
INFO:__main__: 6.9.2024-22:10:0: audio/A_Trap\wondagurl.mp3 Genre not found in Metadata. Skip
INFO:__main__: 6.9.2024-22:10:0: audio/A_Trap\wondagurl.mp3 BPM not found in Metadata. Skip
INFO:__main__: 6.9.2024-22:10:0: audio/A_Villians\Agent_smith.mp3 BPM not found in Metadata. Skip
INFO:__main__: 6.9.2024-22:10:0: audio/A_Villians\barbossa_and_skeletons.mp3 BPM not found in Metadata. Skip
INFO:__main__: 6.9.2024-22:10:0: audio/A_Villians\Barney_Stinson.mp3 BPM not found in Metadata. Skip
INFO:__main__: 6.9.2024-22:10:0: audio/A_Villians\chucky.mp3 BPM not found in Metadata. Skip
INFO:__main__: 6.9.2024-22:10:0: audio/A_Villians\DarkEmperor.mp3 Problem with ID3. Will skip this
INFO:__main__: 6.9.2024-22:10:0: audio/A_Villians\general_grievous.mp3 BPM not found in Metadata. Skip
INFO:__main__: 6.9.2024-22:10:0: audio/A_Villians\Helmut.mp3 BPM not found in Metadata. Skip
INFO:__main__: 6.9.2024-22:10:0: audio/A_Villians\Joker.mp3 BPM not found in Metadata. Skip
INFO:__main__: 6.9.2024-22:10:0: audio/A_Villians\megatron.mp3 BPM not found in Metadata. Skip
INFO:__main__: 6.9.2024-22:10:0: audio/A_Villians\Mojo_Jojo.mp3 BPM not found in Metadata. Skip
INFO:__main__: 6.9.2024-22:10:0: audio/A_Villians\Patrick_Star.mp3 BPM not found in Metadata. Skip
INFO:__main__: 6.9.2024-22:10:0: audio/A_Villians\Peter_Griffin.mp3 BPM not found in Metadata. Skip
INFO:__main__: 6.9.2024-22:10:0: audio/A_Villians\plancton.mp3 Problem with ID3. Will skip this
INFO:__main__: 6.9.2024-22:10:0: audio/A_Villians\Prince.mp3 BPM not found in Metadata. Skip
INFO:__main__: 6.9.2024-22:10:0: audio/A_Villians\principleSkinner.mp3 BPM not found in Metadata. Skip
INFO:__main__: 6.9.2024-22:10:0: audio/A_Villians\robot.mp3 BPM not found in Metadata. Skip
INFO:__main__: 6.9.2024-22:10:0: audio/A_Villians\Spongebob_Dennis.mp3 BPM not found in Metadata. Skip
INFO:__main__: 6.9.2024-22:10:0: audio/A_Villians\timmys_dad.mp3 BPM not found in Metadata. Skip
INFO:__main__: 6.9.2024-22:10:0: audio/A_Villians\tom_vs_jerry.mp3 BPM not found in Metadata. Skip
INFO:__main__: 6.9.2024-22:10:0: audio/A_Villians\Vicky.mp3 BPM not found in Metadata. Skip
INFO:__main__: 6.9.2024-22:10:0: audio/Funkr\autumn-is-coming-lofi-drums.mp3 Artists not found in Metadata. Skip
INFO:__main__: 6.9.2024-22:10:0: audio/Funkr\autumn-is-coming-lofi-drums.mp3 Genre not found in Metadata. Skip
INFO:__main__: 6.9.2024-22:10:0: audio/Funkr\autumn-is-coming-lofi-drums.mp3 BPM not found in Metadata. Skip
INFO:__main__: 6.9.2024-22:10:0: audio/Funkr\boom-bap-drums.mp3 BPM not found in Metadata. Skip
INFO:__main__: 6.9.2024-22:10:0: audio/Funkr\casey.mp3 Artists not found in Metadata. Skip
INFO:__main__: 6.9.2024-22:10:0: audio/Funkr\casey.mp3 Genre not found in Metadata. Skip
INFO:__main__: 6.9.2024-22:10:0: audio/Funkr\casey.mp3 BPM not found in Metadata. Skip
INFO:__main__: 6.9.2024-22:10:0: audio/Funkr\drumLoopFazed_81.mp3 Artists not found in Metadata. Skip
INFO:__main__: 6.9.2024-22:10:0: audio/Funkr\drumLoopFazed_81.mp3 Genre not found in Metadata. Skip
INFO:__main__: 6.9.2024-22:10:0: audio/Funkr\drumLoopFazed_81.mp3 BPM not found in Metadata. Skip
INFO:__main__: 6.9.2024-22:10:0: audio/Funkr\hipster-boom-bap.mp3 BPM not found in Metadata. Skip
INFO:__main__: 6.9.2024-22:10:0: audio/Funkr\j-cole-type-drums-i.mp3 Artists not found in Metadata. Skip
INFO:__main__: 6.9.2024-22:10:0: audio/Funkr\j-cole-type-drums-i.mp3 Genre not found in Metadata. Skip
INFO:__main__: 6.9.2024-22:10:0: audio/Funkr\j-cole-type-drums-i.mp3 BPM not found in Metadata. Skip
INFO:__main__: 6.9.2024-22:10:0: audio/Funkr\Lofi Boom Bap Drums.mp3 Artists not found in Metadata. Skip
INFO:__main__: 6.9.2024-22:10:0: audio/Funkr\Lofi Boom Bap Drums.mp3 Genre not found in Metadata. Skip
INFO:__main__: 6.9.2024-22:10:0: audio/Funkr\Lofi Boom Bap Drums.mp3 BPM not found in Metadata. Skip
INFO:__main__: 6.9.2024-22:10:0: audio/Funkr\lofi-drums-2.mp3 Artists not found in Metadata. Skip
INFO:__main__: 6.9.2024-22:10:0: audio/Funkr\lofi-drums-2.mp3 Genre not found in Metadata. Skip
INFO:__main__: 6.9.2024-22:10:0: audio/Funkr\lofi-drums-2.mp3 BPM not found in Metadata. Skip
INFO:__main__: 6.9.2024-22:10:0: audio/Funkr\roots-reggae-drums.mp3 Artists not found in Metadata. Skip
INFO:__main__: 6.9.2024-22:10:0: audio/Funkr\roots-reggae-drums.mp3 Genre not found in Metadata. Skip
INFO:__main__: 6.9.2024-22:10:0: audio/Funkr\roots-reggae-drums.mp3 BPM not found in Metadata. Skip
INFO:__main__: 6.9.2024-22:10:0: audio/Funkr\vintage-drum-loop.mp3 BPM not found in Metadata. Skip
INFO:__main__: 6.9.2024-22:10:0: audio/kitLoop_Warey_128.mp3 Artists not found in Metadata. Skip
INFO:__main__: 6.9.2024-22:10:0: audio/kitLoop_Warey_128.mp3 Genre not found in Metadata. Skip
INFO:__main__: 6.9.2024-22:10:0: audio/kitLoop_Warey_128.mp3 BPM not found in Metadata. Skip
INFO:__main__: 6.9.2024-22:10:0: audio/Misc\stadion_cheering.mp3 Problem with ID3. Will skip this
INFO:__main__: 6.9.2024-22:10:0: audio/Popr\ian-melody.mp3 BPM not found in Metadata. Skip
INFO:__main__: 6.9.2024-22:10:0: audio/Popr\woodchords_rev.mp3 Problem with ID3. Will skip this
INFO:__main__: 6.9.2024-22:10:0: audio/Ravr\303-acid-lead.mp3 BPM not found in Metadata. Skip
INFO:__main__: 6.9.2024-22:10:0: audio/Ravr\DrumNBase170BPM.mp3 Artists not found in Metadata. Skip
INFO:__main__: 6.9.2024-22:10:0: audio/Ravr\DrumNBase170BPM.mp3 Genre not found in Metadata. Skip
INFO:__main__: 6.9.2024-22:10:0: audio/Ravr\DrumNBase170BPM.mp3 BPM not found in Metadata. Skip
INFO:__main__: 6.9.2024-22:10:0: audio/Ravr\dubstep-loop-2.mp3 Problem with ID3. Will skip this
INFO:__main__: 6.9.2024-22:10:0: audio/Ravr\energy-bass.mp3 BPM not found in Metadata. Skip
INFO:__main__: 6.9.2024-22:10:0: audio/Ravr\HN2_drums.mp3 Artists not found in Metadata. Skip
INFO:__main__: 6.9.2024-22:10:0: audio/Ravr\HN2_drums.mp3 Genre not found in Metadata. Skip
INFO:__main__: 6.9.2024-22:10:0: audio/Ravr\HN2_drums.mp3 BPM not found in Metadata. Skip
INFO:__main__: 6.9.2024-22:10:0: audio/Ravr\house-kicker-03.mp3 BPM not found in Metadata. Skip
INFO:__main__: 6.9.2024-22:10:0: audio/Ravr\How-it-started-kicks.mp3 Artists not found in Metadata. Skip
INFO:__main__: 6.9.2024-22:10:0: audio/Ravr\How-it-started-kicks.mp3 Genre not found in Metadata. Skip
INFO:__main__: 6.9.2024-22:10:0: audio/Ravr\How-it-started-kicks.mp3 BPM not found in Metadata. Skip
INFO:__main__: 6.9.2024-22:10:0: audio/Ravr\side-chained-bass.mp3 BPM not found in Metadata. Skip
INFO:__main__: 6.9.2024-22:10:0: audio/Ravr\Solid Beat.mp3 Genre not found in Metadata. Skip
INFO:__main__: 6.9.2024-22:10:0: audio/Ravr\Solid Beat.mp3 BPM not found in Metadata. Skip
INFO:__main__: 6.9.2024-22:10:0: audio/Ravr\yeat-acid-trap.mp3 BPM not found in Metadata. Skip
INFO:__main__: 6.9.2024-22:10:0: audio/Rockr\blink-182-type-verse-drums.mp3 Artists not found in Metadata. Skip
INFO:__main__: 6.9.2024-22:10:0: audio/Rockr\blink-182-type-verse-drums.mp3 Genre not found in Metadata. Skip
INFO:__main__: 6.9.2024-22:10:0: audio/Rockr\blink-182-type-verse-drums.mp3 BPM not found in Metadata. Skip
INFO:__main__: 6.9.2024-22:10:0: audio/Rockr\Garage.mp3 Problem with ID3. Will skip this
INFO:__main__: 6.9.2024-22:10:0: audio/Rockr\XYZ.mp3 Problem with ID3. Will skip this
INFO:__main__: 6.9.2024-22:10:0: folder_structure established
INFO:__main__: 6.9.2024-22:10:0: 86 songs found
INFO:__main__: 6.9.2024-22:10:0: audio\arabic-drum-2-acidpro.mp3 Artists not found in Metadata. Skip
INFO:__main__: 6.9.2024-22:10:0: audio\arabic-drum-2-acidpro.mp3 Genre not found in Metadata. Skip
INFO:__main__: 6.9.2024-22:10:0: audio\arabic-drum-2-acidpro.mp3 BPM not found in Metadata. Skip
INFO:__main__: 6.9.2024-22:10:0: audio\kitLoop_Warey_128.mp3 Artists not found in Metadata. Skip
INFO:__main__: 6.9.2024-22:10:0: audio\kitLoop_Warey_128.mp3 Genre not found in Metadata. Skip
INFO:__main__: 6.9.2024-22:10:0: audio\kitLoop_Warey_128.mp3 BPM not found in Metadata. Skip
INFO:__main__: 6.9.2024-22:10:0: audio\A_GuitarTuner\A.mp3 Problem with ID3. Will skip this
INFO:__main__: 6.9.2024-22:10:0: audio\A_GuitarTuner\B.mp3 Problem with ID3. Will skip this
INFO:__main__: 6.9.2024-22:10:0: audio\A_GuitarTuner\D.mp3 Problem with ID3. Will skip this
INFO:__main__: 6.9.2024-22:10:0: audio\A_GuitarTuner\E_high.mp3 Problem with ID3. Will skip this
INFO:__main__: 6.9.2024-22:10:0: audio\A_GuitarTuner\E_low.mp3 Problem with ID3. Will skip this
INFO:__main__: 6.9.2024-22:10:0: audio\A_GuitarTuner\G.mp3 Problem with ID3. Will skip this
INFO:__main__: 6.9.2024-22:10:0: audio\A_Transformers\Barricade.mp3 BPM not found in Metadata. Skip
INFO:__main__: 6.9.2024-22:10:0: audio\A_Transformers\Blackout.mp3 BPM not found in Metadata. Skip
INFO:__main__: 6.9.2024-22:10:0: audio\A_Transformers\Bonecrusher.mp3 BPM not found in Metadata. Skip
INFO:__main__: 6.9.2024-22:10:0: audio\A_Transformers\Bumblebee.mp3 BPM not found in Metadata. Skip
INFO:__main__: 6.9.2024-22:10:0: audio\A_Transformers\Frenzy.mp3 BPM not found in Metadata. Skip
INFO:__main__: 6.9.2024-22:10:0: audio\A_Transformers\Ironhide.mp3 BPM not found in Metadata. Skip
INFO:__main__: 6.9.2024-22:10:0: audio\A_Transformers\Jazz.mp3 BPM not found in Metadata. Skip
INFO:__main__: 6.9.2024-22:10:0: audio\A_Transformers\Megatron.mp3 BPM not found in Metadata. Skip
INFO:__main__: 6.9.2024-22:10:0: audio\A_Transformers\OptimusPrime.mp3 BPM not found in Metadata. Skip
INFO:__main__: 6.9.2024-22:10:0: audio\A_Transformers\Ratchet.mp3 BPM not found in Metadata. Skip
INFO:__main__: 6.9.2024-22:10:0: audio\A_Transformers\Starscream.mp3 BPM not found in Metadata. Skip
INFO:__main__: 6.9.2024-22:10:0: audio\A_Trap\Hard-Trap-Beat.mp3 Artists not found in Metadata. Skip
INFO:__main__: 6.9.2024-22:10:0: audio\A_Trap\Hard-Trap-Beat.mp3 Genre not found in Metadata. Skip
INFO:__main__: 6.9.2024-22:10:0: audio\A_Trap\Hard-Trap-Beat.mp3 BPM not found in Metadata. Skip
INFO:__main__: 6.9.2024-22:10:0: audio\A_Trap\wondagurl.mp3 Artists not found in Metadata. Skip
INFO:__main__: 6.9.2024-22:10:0: audio\A_Trap\wondagurl.mp3 Genre not found in Metadata. Skip
INFO:__main__: 6.9.2024-22:10:0: audio\A_Trap\wondagurl.mp3 BPM not found in Metadata. Skip
INFO:__main__: 6.9.2024-22:10:0: audio\A_Villians\Agent_smith.mp3 BPM not found in Metadata. Skip
INFO:__main__: 6.9.2024-22:10:0: audio\A_Villians\barbossa_and_skeletons.mp3 BPM not found in Metadata. Skip
INFO:__main__: 6.9.2024-22:10:0: audio\A_Villians\Barney_Stinson.mp3 BPM not found in Metadata. Skip
INFO:__main__: 6.9.2024-22:10:0: audio\A_Villians\chucky.mp3 BPM not found in Metadata. Skip
INFO:__main__: 6.9.2024-22:10:0: audio\A_Villians\DarkEmperor.mp3 Problem with ID3. Will skip this
INFO:__main__: 6.9.2024-22:10:0: audio\A_Villians\general_grievous.mp3 BPM not found in Metadata. Skip
INFO:__main__: 6.9.2024-22:10:0: audio\A_Villians\Helmut.mp3 BPM not found in Metadata. Skip
INFO:__main__: 6.9.2024-22:10:0: audio\A_Villians\Joker.mp3 BPM not found in Metadata. Skip
INFO:__main__: 6.9.2024-22:10:0: audio\A_Villians\megatron.mp3 BPM not found in Metadata. Skip
INFO:__main__: 6.9.2024-22:10:0: audio\A_Villians\Mojo_Jojo.mp3 BPM not found in Metadata. Skip
INFO:__main__: 6.9.2024-22:10:0: audio\A_Villians\Patrick_Star.mp3 BPM not found in Metadata. Skip
INFO:__main__: 6.9.2024-22:10:0: audio\A_Villians\Peter_Griffin.mp3 BPM not found in Metadata. Skip
INFO:__main__: 6.9.2024-22:10:0: audio\A_Villians\plancton.mp3 Problem with ID3. Will skip this
INFO:__main__: 6.9.2024-22:10:0: audio\A_Villians\Prince.mp3 BPM not found in Metadata. Skip
INFO:__main__: 6.9.2024-22:10:0: audio\A_Villians\principleSkinner.mp3 BPM not found in Metadata. Skip
INFO:__main__: 6.9.2024-22:10:0: audio\A_Villians\robot.mp3 BPM not found in Metadata. Skip
INFO:__main__: 6.9.2024-22:10:0: audio\A_Villians\Spongebob_Dennis.mp3 BPM not found in Metadata. Skip
INFO:__main__: 6.9.2024-22:10:0: audio\A_Villians\timmys_dad.mp3 BPM not found in Metadata. Skip
INFO:__main__: 6.9.2024-22:10:0: audio\A_Villians\tom_vs_jerry.mp3 BPM not found in Metadata. Skip
INFO:__main__: 6.9.2024-22:10:0: audio\A_Villians\Vicky.mp3 BPM not found in Metadata. Skip
INFO:__main__: 6.9.2024-22:10:0: audio\Funkr\autumn-is-coming-lofi-drums.mp3 Artists not found in Metadata. Skip
INFO:__main__: 6.9.2024-22:10:0: audio\Funkr\autumn-is-coming-lofi-drums.mp3 Genre not found in Metadata. Skip
INFO:__main__: 6.9.2024-22:10:0: audio\Funkr\autumn-is-coming-lofi-drums.mp3 BPM not found in Metadata. Skip
INFO:__main__: 6.9.2024-22:10:0: audio\Funkr\boom-bap-drums.mp3 BPM not found in Metadata. Skip
INFO:__main__: 6.9.2024-22:10:0: audio\Funkr\casey.mp3 Artists not found in Metadata. Skip
INFO:__main__: 6.9.2024-22:10:0: audio\Funkr\casey.mp3 Genre not found in Metadata. Skip
INFO:__main__: 6.9.2024-22:10:0: audio\Funkr\casey.mp3 BPM not found in Metadata. Skip
INFO:__main__: 6.9.2024-22:10:0: audio\Funkr\drumLoopFazed_81.mp3 Artists not found in Metadata. Skip
INFO:__main__: 6.9.2024-22:10:0: audio\Funkr\drumLoopFazed_81.mp3 Genre not found in Metadata. Skip
INFO:__main__: 6.9.2024-22:10:0: audio\Funkr\drumLoopFazed_81.mp3 BPM not found in Metadata. Skip
INFO:__main__: 6.9.2024-22:10:0: audio\Funkr\hipster-boom-bap.mp3 BPM not found in Metadata. Skip
INFO:__main__: 6.9.2024-22:10:0: audio\Funkr\j-cole-type-drums-i.mp3 Artists not found in Metadata. Skip
INFO:__main__: 6.9.2024-22:10:0: audio\Funkr\j-cole-type-drums-i.mp3 Genre not found in Metadata. Skip
INFO:__main__: 6.9.2024-22:10:0: audio\Funkr\j-cole-type-drums-i.mp3 BPM not found in Metadata. Skip
INFO:__main__: 6.9.2024-22:10:0: audio\Funkr\Lofi Boom Bap Drums.mp3 Artists not found in Metadata. Skip
INFO:__main__: 6.9.2024-22:10:0: audio\Funkr\Lofi Boom Bap Drums.mp3 Genre not found in Metadata. Skip
INFO:__main__: 6.9.2024-22:10:0: audio\Funkr\Lofi Boom Bap Drums.mp3 BPM not found in Metadata. Skip
INFO:__main__: 6.9.2024-22:10:0: audio\Funkr\lofi-drums-2.mp3 Artists not found in Metadata. Skip
INFO:__main__: 6.9.2024-22:10:0: audio\Funkr\lofi-drums-2.mp3 Genre not found in Metadata. Skip
INFO:__main__: 6.9.2024-22:10:0: audio\Funkr\lofi-drums-2.mp3 BPM not found in Metadata. Skip
INFO:__main__: 6.9.2024-22:10:0: audio\Funkr\roots-reggae-drums.mp3 Artists not found in Metadata. Skip
INFO:__main__: 6.9.2024-22:10:0: audio\Funkr\roots-reggae-drums.mp3 Genre not found in Metadata. Skip
INFO:__main__: 6.9.2024-22:10:0: audio\Funkr\roots-reggae-drums.mp3 BPM not found in Metadata. Skip
INFO:__main__: 6.9.2024-22:10:1: audio\Funkr\vintage-drum-loop.mp3 BPM not found in Metadata. Skip
INFO:__main__: 6.9.2024-22:10:1: audio\Misc\stadion_cheering.mp3 Problem with ID3. Will skip this
INFO:__main__: 6.9.2024-22:10:1: audio\Popr\ian-melody.mp3 BPM not found in Metadata. Skip
INFO:__main__: 6.9.2024-22:10:1: audio\Popr\woodchords_rev.mp3 Problem with ID3. Will skip this
INFO:__main__: 6.9.2024-22:10:1: audio\Ravr\303-acid-lead.mp3 BPM not found in Metadata. Skip
INFO:__main__: 6.9.2024-22:10:1: audio\Ravr\DrumNBase170BPM.mp3 Artists not found in Metadata. Skip
INFO:__main__: 6.9.2024-22:10:1: audio\Ravr\DrumNBase170BPM.mp3 Genre not found in Metadata. Skip
INFO:__main__: 6.9.2024-22:10:1: audio\Ravr\DrumNBase170BPM.mp3 BPM not found in Metadata. Skip
INFO:__main__: 6.9.2024-22:10:1: audio\Ravr\dubstep-loop-2.mp3 Problem with ID3. Will skip this
INFO:__main__: 6.9.2024-22:10:1: audio\Ravr\energy-bass.mp3 BPM not found in Metadata. Skip
INFO:__main__: 6.9.2024-22:10:1: audio\Ravr\HN2_drums.mp3 Artists not found in Metadata. Skip
INFO:__main__: 6.9.2024-22:10:1: audio\Ravr\HN2_drums.mp3 Genre not found in Metadata. Skip
INFO:__main__: 6.9.2024-22:10:1: audio\Ravr\HN2_drums.mp3 BPM not found in Metadata. Skip
INFO:__main__: 6.9.2024-22:10:1: audio\Ravr\house-kicker-03.mp3 BPM not found in Metadata. Skip
INFO:__main__: 6.9.2024-22:10:1: audio\Ravr\How-it-started-kicks.mp3 Artists not found in Metadata. Skip
INFO:__main__: 6.9.2024-22:10:1: audio\Ravr\How-it-started-kicks.mp3 Genre not found in Metadata. Skip
INFO:__main__: 6.9.2024-22:10:1: audio\Ravr\How-it-started-kicks.mp3 BPM not found in Metadata. Skip
INFO:__main__: 6.9.2024-22:10:1: audio\Ravr\side-chained-bass.mp3 BPM not found in Metadata. Skip
INFO:__main__: 6.9.2024-22:10:1: audio\Ravr\Solid Beat.mp3 Genre not found in Metadata. Skip
INFO:__main__: 6.9.2024-22:10:1: audio\Ravr\Solid Beat.mp3 BPM not found in Metadata. Skip
INFO:__main__: 6.9.2024-22:10:1: audio\Ravr\yeat-acid-trap.mp3 BPM not found in Metadata. Skip
INFO:__main__: 6.9.2024-22:10:1: audio\Rockr\blink-182-type-verse-drums.mp3 Artists not found in Metadata. Skip
INFO:__main__: 6.9.2024-22:10:1: audio\Rockr\blink-182-type-verse-drums.mp3 Genre not found in Metadata. Skip
INFO:__main__: 6.9.2024-22:10:1: audio\Rockr\blink-182-type-verse-drums.mp3 BPM not found in Metadata. Skip
INFO:__main__: 6.9.2024-22:10:1: audio\Rockr\Garage.mp3 Problem with ID3. Will skip this
INFO:__main__: 6.9.2024-22:10:1: audio\Rockr\XYZ.mp3 Problem with ID3. Will skip this
INFO:__main__: 6.9.2024-22:10:1: Finished
INFO:__main__: 6.9.2024-23:23:25: Start
INFO:__main__: 6.9.2024-23:24:39: Start
INFO:__main__: 6.9.2024-23:24:54: Start
INFO:__main__: 6.9.2024-23:24:54: public/audio//arabic-drum-2-acidpro.mp3 Artists not found in Metadata. Skip
INFO:__main__: 6.9.2024-23:24:54: public/audio//arabic-drum-2-acidpro.mp3 Genre not found in Metadata. Skip
INFO:__main__: 6.9.2024-23:24:54: public/audio//arabic-drum-2-acidpro.mp3 BPM not found in Metadata. Skip
INFO:__main__: 6.9.2024-23:24:54: public/audio//A_GuitarTuner/A.mp3 Problem with ID3. Will skip this
INFO:__main__: 6.9.2024-23:24:54: public/audio//A_GuitarTuner/B.mp3 Problem with ID3. Will skip this
INFO:__main__: 6.9.2024-23:24:54: public/audio//A_GuitarTuner/D.mp3 Problem with ID3. Will skip this
INFO:__main__: 6.9.2024-23:24:54: public/audio//A_GuitarTuner/E_high.mp3 Problem with ID3. Will skip this
INFO:__main__: 6.9.2024-23:24:54: public/audio//A_GuitarTuner/E_low.mp3 Problem with ID3. Will skip this
INFO:__main__: 6.9.2024-23:24:54: public/audio//A_GuitarTuner/G.mp3 Problem with ID3. Will skip this
INFO:__main__: 6.9.2024-23:25:12: Start
INFO:__main__: 6.9.2024-23:25:12: public/audio//arabic-drum-2-acidpro.mp3 Artists not found in Metadata. Skip
INFO:__main__: 6.9.2024-23:25:12: public/audio//arabic-drum-2-acidpro.mp3 Genre not found in Metadata. Skip
INFO:__main__: 6.9.2024-23:25:12: public/audio//arabic-drum-2-acidpro.mp3 BPM not found in Metadata. Skip
INFO:__main__: 6.9.2024-23:25:12: public/audio//A_GuitarTuner/A.mp3 Problem with ID3. Will skip this
INFO:__main__: 6.9.2024-23:25:12: public/audio//A_GuitarTuner/B.mp3 Problem with ID3. Will skip this
INFO:__main__: 6.9.2024-23:25:12: public/audio//A_GuitarTuner/D.mp3 Problem with ID3. Will skip this
INFO:__main__: 6.9.2024-23:25:12: public/audio//A_GuitarTuner/E_high.mp3 Problem with ID3. Will skip this
INFO:__main__: 6.9.2024-23:25:12: public/audio//A_GuitarTuner/E_low.mp3 Problem with ID3. Will skip this
INFO:__main__: 6.9.2024-23:25:12: public/audio//A_GuitarTuner/G.mp3 Problem with ID3. Will skip this
INFO:__main__: 6.9.2024-23:25:12: public/audio//A_Transformers/Barricade.mp3 BPM not found in Metadata. Skip
INFO:__main__: 6.9.2024-23:25:12: public/audio//A_Transformers/Blackout.mp3 BPM not found in Metadata. Skip
INFO:__main__: 6.9.2024-23:25:12: public/audio//A_Transformers/Bonecrusher.mp3 BPM not found in Metadata. Skip
INFO:__main__: 6.9.2024-23:25:12: public/audio//A_Transformers/Bumblebee.mp3 BPM not found in Metadata. Skip
INFO:__main__: 6.9.2024-23:25:12: public/audio//A_Transformers/Frenzy.mp3 BPM not found in Metadata. Skip
INFO:__main__: 6.9.2024-23:25:12: public/audio//A_Transformers/Ironhide.mp3 BPM not found in Metadata. Skip
INFO:__main__: 6.9.2024-23:25:12: public/audio//A_Transformers/Jazz.mp3 BPM not found in Metadata. Skip
INFO:__main__: 6.9.2024-23:25:12: public/audio//A_Transformers/Megatron.mp3 BPM not found in Metadata. Skip
INFO:__main__: 6.9.2024-23:25:12: public/audio//A_Transformers/OptimusPrime.mp3 BPM not found in Metadata. Skip
INFO:__main__: 6.9.2024-23:25:12: public/audio//A_Transformers/Ratchet.mp3 BPM not found in Metadata. Skip
INFO:__main__: 6.9.2024-23:25:12: public/audio//A_Transformers/Starscream.mp3 BPM not found in Metadata. Skip
INFO:__main__: 6.9.2024-23:25:12: public/audio//A_Trap/Hard-Trap-Beat.mp3 Artists not found in Metadata. Skip
INFO:__main__: 6.9.2024-23:25:12: public/audio//A_Trap/Hard-Trap-Beat.mp3 Genre not found in Metadata. Skip
INFO:__main__: 6.9.2024-23:25:12: public/audio//A_Trap/Hard-Trap-Beat.mp3 BPM not found in Metadata. Skip
INFO:__main__: 6.9.2024-23:25:12: public/audio//A_Trap/wondagurl.mp3 Artists not found in Metadata. Skip
INFO:__main__: 6.9.2024-23:25:12: public/audio//A_Trap/wondagurl.mp3 Genre not found in Metadata. Skip
INFO:__main__: 6.9.2024-23:25:12: public/audio//A_Trap/wondagurl.mp3 BPM not found in Metadata. Skip
INFO:__main__: 6.9.2024-23:25:12: public/audio//A_Villians/Agent_smith.mp3 BPM not found in Metadata. Skip
INFO:__main__: 6.9.2024-23:25:12: public/audio//A_Villians/barbossa_and_skeletons.mp3 BPM not found in Metadata. Skip
INFO:__main__: 6.9.2024-23:25:12: public/audio//A_Villians/Barney_Stinson.mp3 BPM not found in Metadata. Skip
INFO:__main__: 6.9.2024-23:25:12: public/audio//A_Villians/chucky.mp3 BPM not found in Metadata. Skip
INFO:__main__: 6.9.2024-23:25:12: public/audio//A_Villians/DarkEmperor.mp3 Problem with ID3. Will skip this
INFO:__main__: 6.9.2024-23:25:12: public/audio//A_Villians/general_grievous.mp3 BPM not found in Metadata. Skip
INFO:__main__: 6.9.2024-23:25:12: public/audio//A_Villians/Helmut.mp3 BPM not found in Metadata. Skip
INFO:__main__: 6.9.2024-23:25:12: public/audio//A_Villians/Joker.mp3 BPM not found in Metadata. Skip
INFO:__main__: 6.9.2024-23:25:12: public/audio//A_Villians/megatron.mp3 BPM not found in Metadata. Skip
INFO:__main__: 6.9.2024-23:25:12: public/audio//A_Villians/Mojo_Jojo.mp3 BPM not found in Metadata. Skip
INFO:__main__: 6.9.2024-23:25:12: public/audio//A_Villians/Patrick_Star.mp3 BPM not found in Metadata. Skip
INFO:__main__: 6.9.2024-23:25:12: public/audio//A_Villians/Peter_Griffin.mp3 BPM not found in Metadata. Skip
INFO:__main__: 6.9.2024-23:25:12: public/audio//A_Villians/plancton.mp3 Problem with ID3. Will skip this
INFO:__main__: 6.9.2024-23:25:12: public/audio//A_Villians/Prince.mp3 BPM not found in Metadata. Skip
INFO:__main__: 6.9.2024-23:25:12: public/audio//A_Villians/principleSkinner.mp3 BPM not found in Metadata. Skip
INFO:__main__: 6.9.2024-23:25:12: public/audio//A_Villians/robot.mp3 BPM not found in Metadata. Skip
INFO:__main__: 6.9.2024-23:25:12: public/audio//A_Villians/Spongebob_Dennis.mp3 BPM not found in Metadata. Skip
INFO:__main__: 6.9.2024-23:25:12: public/audio//A_Villians/timmys_dad.mp3 BPM not found in Metadata. Skip
INFO:__main__: 6.9.2024-23:25:12: public/audio//A_Villians/tom_vs_jerry.mp3 BPM not found in Metadata. Skip
INFO:__main__: 6.9.2024-23:25:12: public/audio//A_Villians/Vicky.mp3 BPM not found in Metadata. Skip
INFO:__main__: 6.9.2024-23:25:12: public/audio//Funkr/autumn-is-coming-lofi-drums.mp3 Artists not found in Metadata. Skip
INFO:__main__: 6.9.2024-23:25:12: public/audio//Funkr/autumn-is-coming-lofi-drums.mp3 Genre not found in Metadata. Skip
INFO:__main__: 6.9.2024-23:25:12: public/audio//Funkr/autumn-is-coming-lofi-drums.mp3 BPM not found in Metadata. Skip
INFO:__main__: 6.9.2024-23:25:12: public/audio//Funkr/boom-bap-drums.mp3 BPM not found in Metadata. Skip
INFO:__main__: 6.9.2024-23:25:12: public/audio//Funkr/casey.mp3 Artists not found in Metadata. Skip
INFO:__main__: 6.9.2024-23:25:12: public/audio//Funkr/casey.mp3 Genre not found in Metadata. Skip
INFO:__main__: 6.9.2024-23:25:12: public/audio//Funkr/casey.mp3 BPM not found in Metadata. Skip
INFO:__main__: 6.9.2024-23:25:12: public/audio//Funkr/drumLoopFazed_81.mp3 Artists not found in Metadata. Skip
INFO:__main__: 6.9.2024-23:25:12: public/audio//Funkr/drumLoopFazed_81.mp3 Genre not found in Metadata. Skip
INFO:__main__: 6.9.2024-23:25:12: public/audio//Funkr/drumLoopFazed_81.mp3 BPM not found in Metadata. Skip
INFO:__main__: 6.9.2024-23:25:12: public/audio//Funkr/hipster-boom-bap.mp3 BPM not found in Metadata. Skip
INFO:__main__: 6.9.2024-23:25:12: public/audio//Funkr/j-cole-type-drums-i.mp3 Artists not found in Metadata. Skip
INFO:__main__: 6.9.2024-23:25:12: public/audio//Funkr/j-cole-type-drums-i.mp3 Genre not found in Metadata. Skip
INFO:__main__: 6.9.2024-23:25:12: public/audio//Funkr/j-cole-type-drums-i.mp3 BPM not found in Metadata. Skip
INFO:__main__: 6.9.2024-23:25:12: public/audio//Funkr/Lofi Boom Bap Drums.mp3 Artists not found in Metadata. Skip
INFO:__main__: 6.9.2024-23:25:12: public/audio//Funkr/Lofi Boom Bap Drums.mp3 Genre not found in Metadata. Skip
INFO:__main__: 6.9.2024-23:25:12: public/audio//Funkr/Lofi Boom Bap Drums.mp3 BPM not found in Metadata. Skip
INFO:__main__: 6.9.2024-23:25:12: public/audio//Funkr/lofi-drums-2.mp3 Artists not found in Metadata. Skip
INFO:__main__: 6.9.2024-23:25:12: public/audio//Funkr/lofi-drums-2.mp3 Genre not found in Metadata. Skip
INFO:__main__: 6.9.2024-23:25:12: public/audio//Funkr/lofi-drums-2.mp3 BPM not found in Metadata. Skip
INFO:__main__: 6.9.2024-23:25:12: public/audio//Funkr/roots-reggae-drums.mp3 Artists not found in Metadata. Skip
INFO:__main__: 6.9.2024-23:25:12: public/audio//Funkr/roots-reggae-drums.mp3 Genre not found in Metadata. Skip
INFO:__main__: 6.9.2024-23:25:12: public/audio//Funkr/roots-reggae-drums.mp3 BPM not found in Metadata. Skip
INFO:__main__: 6.9.2024-23:25:12: public/audio//Funkr/vintage-drum-loop.mp3 BPM not found in Metadata. Skip
INFO:__main__: 6.9.2024-23:25:12: public/audio//kitLoop_Warey_128.mp3 Artists not found in Metadata. Skip
INFO:__main__: 6.9.2024-23:25:12: public/audio//kitLoop_Warey_128.mp3 Genre not found in Metadata. Skip
INFO:__main__: 6.9.2024-23:25:12: public/audio//kitLoop_Warey_128.mp3 BPM not found in Metadata. Skip
INFO:__main__: 6.9.2024-23:25:12: public/audio//Misc/stadion_cheering.mp3 Problem with ID3. Will skip this
INFO:__main__: 6.9.2024-23:25:12: public/audio//Popr/ian-melody.mp3 BPM not found in Metadata. Skip
INFO:__main__: 6.9.2024-23:25:12: public/audio//Popr/woodchords_rev.mp3 Problem with ID3. Will skip this
INFO:__main__: 6.9.2024-23:25:12: public/audio//Ravr/303-acid-lead.mp3 BPM not found in Metadata. Skip
INFO:__main__: 6.9.2024-23:25:12: public/audio//Ravr/DrumNBase170BPM.mp3 Artists not found in Metadata. Skip
INFO:__main__: 6.9.2024-23:25:12: public/audio//Ravr/DrumNBase170BPM.mp3 Genre not found in Metadata. Skip
INFO:__main__: 6.9.2024-23:25:12: public/audio//Ravr/DrumNBase170BPM.mp3 BPM not found in Metadata. Skip
INFO:__main__: 6.9.2024-23:25:12: public/audio//Ravr/dubstep-loop-2.mp3 Problem with ID3. Will skip this
INFO:__main__: 6.9.2024-23:25:12: public/audio//Ravr/energy-bass.mp3 BPM not found in Metadata. Skip
INFO:__main__: 6.9.2024-23:25:12: public/audio//Ravr/HN2_drums.mp3 Artists not found in Metadata. Skip
INFO:__main__: 6.9.2024-23:25:12: public/audio//Ravr/HN2_drums.mp3 Genre not found in Metadata. Skip
INFO:__main__: 6.9.2024-23:25:12: public/audio//Ravr/HN2_drums.mp3 BPM not found in Metadata. Skip
INFO:__main__: 6.9.2024-23:25:12: public/audio//Ravr/house-kicker-03.mp3 BPM not found in Metadata. Skip
INFO:__main__: 6.9.2024-23:25:12: public/audio//Ravr/How-it-started-kicks.mp3 Artists not found in Metadata. Skip
INFO:__main__: 6.9.2024-23:25:12: public/audio//Ravr/How-it-started-kicks.mp3 Genre not found in Metadata. Skip
INFO:__main__: 6.9.2024-23:25:12: public/audio//Ravr/How-it-started-kicks.mp3 BPM not found in Metadata. Skip
INFO:__main__: 6.9.2024-23:25:12: public/audio//Ravr/side-chained-bass.mp3 BPM not found in Metadata. Skip
INFO:__main__: 6.9.2024-23:25:12: public/audio//Ravr/Solid Beat.mp3 Genre not found in Metadata. Skip
INFO:__main__: 6.9.2024-23:25:12: public/audio//Ravr/Solid Beat.mp3 BPM not found in Metadata. Skip
INFO:__main__: 6.9.2024-23:25:12: public/audio//Ravr/yeat-acid-trap.mp3 BPM not found in Metadata. Skip
INFO:__main__: 6.9.2024-23:25:12: public/audio//Rockr/blink-182-type-verse-drums.mp3 Artists not found in Metadata. Skip
INFO:__main__: 6.9.2024-23:25:12: public/audio//Rockr/blink-182-type-verse-drums.mp3 Genre not found in Metadata. Skip
INFO:__main__: 6.9.2024-23:25:12: public/audio//Rockr/blink-182-type-verse-drums.mp3 BPM not found in Metadata. Skip
INFO:__main__: 6.9.2024-23:25:12: public/audio//Rockr/Garage.mp3 Problem with ID3. Will skip this
INFO:__main__: 6.9.2024-23:25:12: public/audio//Rockr/XYZ.mp3 Problem with ID3. Will skip this
INFO:__main__: 6.9.2024-23:25:12: folder_structure established
INFO:__main__: 6.9.2024-23:25:28: Start
INFO:__main__: 6.9.2024-23:25:28: public/audio//arabic-drum-2-acidpro.mp3 Artists not found in Metadata. Skip
INFO:__main__: 6.9.2024-23:25:28: public/audio//arabic-drum-2-acidpro.mp3 Genre not found in Metadata. Skip
INFO:__main__: 6.9.2024-23:25:28: public/audio//arabic-drum-2-acidpro.mp3 BPM not found in Metadata. Skip
INFO:__main__: 6.9.2024-23:25:28: public/audio//A_GuitarTuner/A.mp3 Problem with ID3. Will skip this
INFO:__main__: 6.9.2024-23:25:28: public/audio//A_GuitarTuner/B.mp3 Problem with ID3. Will skip this
INFO:__main__: 6.9.2024-23:25:28: public/audio//A_GuitarTuner/D.mp3 Problem with ID3. Will skip this
INFO:__main__: 6.9.2024-23:25:28: public/audio//A_GuitarTuner/E_high.mp3 Problem with ID3. Will skip this
INFO:__main__: 6.9.2024-23:25:28: public/audio//A_GuitarTuner/E_low.mp3 Problem with ID3. Will skip this
INFO:__main__: 6.9.2024-23:25:28: public/audio//A_GuitarTuner/G.mp3 Problem with ID3. Will skip this
INFO:__main__: 6.9.2024-23:25:28: public/audio//A_Transformers/Barricade.mp3 BPM not found in Metadata. Skip
INFO:__main__: 6.9.2024-23:25:28: public/audio//A_Transformers/Blackout.mp3 BPM not found in Metadata. Skip
INFO:__main__: 6.9.2024-23:25:28: public/audio//A_Transformers/Bonecrusher.mp3 BPM not found in Metadata. Skip
INFO:__main__: 6.9.2024-23:25:28: public/audio//A_Transformers/Bumblebee.mp3 BPM not found in Metadata. Skip
INFO:__main__: 6.9.2024-23:25:28: public/audio//A_Transformers/Frenzy.mp3 BPM not found in Metadata. Skip
INFO:__main__: 6.9.2024-23:25:28: public/audio//A_Transformers/Ironhide.mp3 BPM not found in Metadata. Skip
INFO:__main__: 6.9.2024-23:25:28: public/audio//A_Transformers/Jazz.mp3 BPM not found in Metadata. Skip
INFO:__main__: 6.9.2024-23:25:28: public/audio//A_Transformers/Megatron.mp3 BPM not found in Metadata. Skip
INFO:__main__: 6.9.2024-23:25:28: public/audio//A_Transformers/OptimusPrime.mp3 BPM not found in Metadata. Skip
INFO:__main__: 6.9.2024-23:25:28: public/audio//A_Transformers/Ratchet.mp3 BPM not found in Metadata. Skip
INFO:__main__: 6.9.2024-23:25:28: public/audio//A_Transformers/Starscream.mp3 BPM not found in Metadata. Skip
INFO:__main__: 6.9.2024-23:25:28: public/audio//A_Trap/Hard-Trap-Beat.mp3 Artists not found in Metadata. Skip
INFO:__main__: 6.9.2024-23:25:28: public/audio//A_Trap/Hard-Trap-Beat.mp3 Genre not found in Metadata. Skip
INFO:__main__: 6.9.2024-23:25:28: public/audio//A_Trap/Hard-Trap-Beat.mp3 BPM not found in Metadata. Skip
INFO:__main__: 6.9.2024-23:25:28: public/audio//A_Trap/wondagurl.mp3 Artists not found in Metadata. Skip
INFO:__main__: 6.9.2024-23:25:28: public/audio//A_Trap/wondagurl.mp3 Genre not found in Metadata. Skip
INFO:__main__: 6.9.2024-23:25:28: public/audio//A_Trap/wondagurl.mp3 BPM not found in Metadata. Skip
INFO:__main__: 6.9.2024-23:25:28: public/audio//A_Villians/Agent_smith.mp3 BPM not found in Metadata. Skip
INFO:__main__: 6.9.2024-23:25:28: public/audio//A_Villians/barbossa_and_skeletons.mp3 BPM not found in Metadata. Skip
INFO:__main__: 6.9.2024-23:25:28: public/audio//A_Villians/Barney_Stinson.mp3 BPM not found in Metadata. Skip
INFO:__main__: 6.9.2024-23:25:28: public/audio//A_Villians/chucky.mp3 BPM not found in Metadata. Skip
INFO:__main__: 6.9.2024-23:25:28: public/audio//A_Villians/DarkEmperor.mp3 Problem with ID3. Will skip this
INFO:__main__: 6.9.2024-23:25:28: public/audio//A_Villians/general_grievous.mp3 BPM not found in Metadata. Skip
INFO:__main__: 6.9.2024-23:25:28: public/audio//A_Villians/Helmut.mp3 BPM not found in Metadata. Skip
INFO:__main__: 6.9.2024-23:25:28: public/audio//A_Villians/Joker.mp3 BPM not found in Metadata. Skip
INFO:__main__: 6.9.2024-23:25:28: public/audio//A_Villians/megatron.mp3 BPM not found in Metadata. Skip
INFO:__main__: 6.9.2024-23:25:28: public/audio//A_Villians/Mojo_Jojo.mp3 BPM not found in Metadata. Skip
INFO:__main__: 6.9.2024-23:25:28: public/audio//A_Villians/Patrick_Star.mp3 BPM not found in Metadata. Skip
INFO:__main__: 6.9.2024-23:25:28: public/audio//A_Villians/Peter_Griffin.mp3 BPM not found in Metadata. Skip
INFO:__main__: 6.9.2024-23:25:28: public/audio//A_Villians/plancton.mp3 Problem with ID3. Will skip this
INFO:__main__: 6.9.2024-23:25:28: public/audio//A_Villians/Prince.mp3 BPM not found in Metadata. Skip
INFO:__main__: 6.9.2024-23:25:28: public/audio//A_Villians/principleSkinner.mp3 BPM not found in Metadata. Skip
INFO:__main__: 6.9.2024-23:25:28: public/audio//A_Villians/robot.mp3 BPM not found in Metadata. Skip
INFO:__main__: 6.9.2024-23:25:28: public/audio//A_Villians/Spongebob_Dennis.mp3 BPM not found in Metadata. Skip
INFO:__main__: 6.9.2024-23:25:28: public/audio//A_Villians/timmys_dad.mp3 BPM not found in Metadata. Skip
INFO:__main__: 6.9.2024-23:25:28: public/audio//A_Villians/tom_vs_jerry.mp3 BPM not found in Metadata. Skip
INFO:__main__: 6.9.2024-23:25:28: public/audio//A_Villians/Vicky.mp3 BPM not found in Metadata. Skip
INFO:__main__: 6.9.2024-23:25:28: public/audio//Funkr/autumn-is-coming-lofi-drums.mp3 Artists not found in Metadata. Skip
INFO:__main__: 6.9.2024-23:25:28: public/audio//Funkr/autumn-is-coming-lofi-drums.mp3 Genre not found in Metadata. Skip
INFO:__main__: 6.9.2024-23:25:28: public/audio//Funkr/autumn-is-coming-lofi-drums.mp3 BPM not found in Metadata. Skip
INFO:__main__: 6.9.2024-23:25:28: public/audio//Funkr/boom-bap-drums.mp3 BPM not found in Metadata. Skip
INFO:__main__: 6.9.2024-23:25:28: public/audio//Funkr/casey.mp3 Artists not found in Metadata. Skip
INFO:__main__: 6.9.2024-23:25:28: public/audio//Funkr/casey.mp3 Genre not found in Metadata. Skip
INFO:__main__: 6.9.2024-23:25:28: public/audio//Funkr/casey.mp3 BPM not found in Metadata. Skip
INFO:__main__: 6.9.2024-23:25:28: public/audio//Funkr/drumLoopFazed_81.mp3 Artists not found in Metadata. Skip
INFO:__main__: 6.9.2024-23:25:28: public/audio//Funkr/drumLoopFazed_81.mp3 Genre not found in Metadata. Skip
INFO:__main__: 6.9.2024-23:25:28: public/audio//Funkr/drumLoopFazed_81.mp3 BPM not found in Metadata. Skip
INFO:__main__: 6.9.2024-23:25:28: public/audio//Funkr/hipster-boom-bap.mp3 BPM not found in Metadata. Skip
INFO:__main__: 6.9.2024-23:25:28: public/audio//Funkr/j-cole-type-drums-i.mp3 Artists not found in Metadata. Skip
INFO:__main__: 6.9.2024-23:25:28: public/audio//Funkr/j-cole-type-drums-i.mp3 Genre not found in Metadata. Skip
INFO:__main__: 6.9.2024-23:25:28: public/audio//Funkr/j-cole-type-drums-i.mp3 BPM not found in Metadata. Skip
INFO:__main__: 6.9.2024-23:25:28: public/audio//Funkr/Lofi Boom Bap Drums.mp3 Artists not found in Metadata. Skip
INFO:__main__: 6.9.2024-23:25:28: public/audio//Funkr/Lofi Boom Bap Drums.mp3 Genre not found in Metadata. Skip
INFO:__main__: 6.9.2024-23:25:28: public/audio//Funkr/Lofi Boom Bap Drums.mp3 BPM not found in Metadata. Skip
INFO:__main__: 6.9.2024-23:25:28: public/audio//Funkr/lofi-drums-2.mp3 Artists not found in Metadata. Skip
INFO:__main__: 6.9.2024-23:25:28: public/audio//Funkr/lofi-drums-2.mp3 Genre not found in Metadata. Skip
INFO:__main__: 6.9.2024-23:25:28: public/audio//Funkr/lofi-drums-2.mp3 BPM not found in Metadata. Skip
INFO:__main__: 6.9.2024-23:25:28: public/audio//Funkr/roots-reggae-drums.mp3 Artists not found in Metadata. Skip
INFO:__main__: 6.9.2024-23:25:28: public/audio//Funkr/roots-reggae-drums.mp3 Genre not found in Metadata. Skip
INFO:__main__: 6.9.2024-23:25:28: public/audio//Funkr/roots-reggae-drums.mp3 BPM not found in Metadata. Skip
INFO:__main__: 6.9.2024-23:25:28: public/audio//Funkr/vintage-drum-loop.mp3 BPM not found in Metadata. Skip
INFO:__main__: 6.9.2024-23:25:28: public/audio//kitLoop_Warey_128.mp3 Artists not found in Metadata. Skip
INFO:__main__: 6.9.2024-23:25:28: public/audio//kitLoop_Warey_128.mp3 Genre not found in Metadata. Skip
INFO:__main__: 6.9.2024-23:25:28: public/audio//kitLoop_Warey_128.mp3 BPM not found in Metadata. Skip
INFO:__main__: 6.9.2024-23:25:28: public/audio//Misc/stadion_cheering.mp3 Problem with ID3. Will skip this
INFO:__main__: 6.9.2024-23:25:28: public/audio//Popr/ian-melody.mp3 BPM not found in Metadata. Skip
INFO:__main__: 6.9.2024-23:25:28: public/audio//Popr/woodchords_rev.mp3 Problem with ID3. Will skip this
INFO:__main__: 6.9.2024-23:25:28: public/audio//Ravr/303-acid-lead.mp3 BPM not found in Metadata. Skip
INFO:__main__: 6.9.2024-23:25:28: public/audio//Ravr/DrumNBase170BPM.mp3 Artists not found in Metadata. Skip
INFO:__main__: 6.9.2024-23:25:28: public/audio//Ravr/DrumNBase170BPM.mp3 Genre not found in Metadata. Skip
INFO:__main__: 6.9.2024-23:25:28: public/audio//Ravr/DrumNBase170BPM.mp3 BPM not found in Metadata. Skip
INFO:__main__: 6.9.2024-23:25:28: public/audio//Ravr/dubstep-loop-2.mp3 Problem with ID3. Will skip this
INFO:__main__: 6.9.2024-23:25:28: public/audio//Ravr/energy-bass.mp3 BPM not found in Metadata. Skip
INFO:__main__: 6.9.2024-23:25:28: public/audio//Ravr/HN2_drums.mp3 Artists not found in Metadata. Skip
INFO:__main__: 6.9.2024-23:25:28: public/audio//Ravr/HN2_drums.mp3 Genre not found in Metadata. Skip
INFO:__main__: 6.9.2024-23:25:28: public/audio//Ravr/HN2_drums.mp3 BPM not found in Metadata. Skip
INFO:__main__: 6.9.2024-23:25:28: public/audio//Ravr/house-kicker-03.mp3 BPM not found in Metadata. Skip
INFO:__main__: 6.9.2024-23:25:28: public/audio//Ravr/How-it-started-kicks.mp3 Artists not found in Metadata. Skip
INFO:__main__: 6.9.2024-23:25:28: public/audio//Ravr/How-it-started-kicks.mp3 Genre not found in Metadata. Skip
INFO:__main__: 6.9.2024-23:25:28: public/audio//Ravr/How-it-started-kicks.mp3 BPM not found in Metadata. Skip
INFO:__main__: 6.9.2024-23:25:28: public/audio//Ravr/side-chained-bass.mp3 BPM not found in Metadata. Skip
INFO:__main__: 6.9.2024-23:25:28: public/audio//Ravr/Solid Beat.mp3 Genre not found in Metadata. Skip
INFO:__main__: 6.9.2024-23:25:28: public/audio//Ravr/Solid Beat.mp3 BPM not found in Metadata. Skip
INFO:__main__: 6.9.2024-23:25:28: public/audio//Ravr/yeat-acid-trap.mp3 BPM not found in Metadata. Skip
INFO:__main__: 6.9.2024-23:25:28: public/audio//Rockr/blink-182-type-verse-drums.mp3 Artists not found in Metadata. Skip
INFO:__main__: 6.9.2024-23:25:28: public/audio//Rockr/blink-182-type-verse-drums.mp3 Genre not found in Metadata. Skip
INFO:__main__: 6.9.2024-23:25:28: public/audio//Rockr/blink-182-type-verse-drums.mp3 BPM not found in Metadata. Skip
INFO:__main__: 6.9.2024-23:25:28: public/audio//Rockr/Garage.mp3 Problem with ID3. Will skip this
INFO:__main__: 6.9.2024-23:25:28: public/audio//Rockr/XYZ.mp3 Problem with ID3. Will skip this
INFO:__main__: 6.9.2024-23:25:28: folder_structure established
INFO:__main__: 6.9.2024-23:25:46: Start
INFO:__main__: 6.9.2024-23:25:46: public/audio//arabic-drum-2-acidpro.mp3 Artists not found in Metadata. Skip
INFO:__main__: 6.9.2024-23:25:46: public/audio//arabic-drum-2-acidpro.mp3 Genre not found in Metadata. Skip
INFO:__main__: 6.9.2024-23:25:46: public/audio//arabic-drum-2-acidpro.mp3 BPM not found in Metadata. Skip
INFO:__main__: 6.9.2024-23:25:46: public/audio//A_GuitarTuner/A.mp3 Problem with ID3. Will skip this
INFO:__main__: 6.9.2024-23:25:46: public/audio//A_GuitarTuner/B.mp3 Problem with ID3. Will skip this
INFO:__main__: 6.9.2024-23:25:46: public/audio//A_GuitarTuner/D.mp3 Problem with ID3. Will skip this
INFO:__main__: 6.9.2024-23:25:46: public/audio//A_GuitarTuner/E_high.mp3 Problem with ID3. Will skip this
INFO:__main__: 6.9.2024-23:25:46: public/audio//A_GuitarTuner/E_low.mp3 Problem with ID3. Will skip this
INFO:__main__: 6.9.2024-23:25:46: public/audio//A_GuitarTuner/G.mp3 Problem with ID3. Will skip this
INFO:__main__: 6.9.2024-23:25:46: public/audio//A_Transformers/Barricade.mp3 BPM not found in Metadata. Skip
INFO:__main__: 6.9.2024-23:25:46: public/audio//A_Transformers/Blackout.mp3 BPM not found in Metadata. Skip
INFO:__main__: 6.9.2024-23:25:46: public/audio//A_Transformers/Bonecrusher.mp3 BPM not found in Metadata. Skip
INFO:__main__: 6.9.2024-23:25:46: public/audio//A_Transformers/Bumblebee.mp3 BPM not found in Metadata. Skip
INFO:__main__: 6.9.2024-23:25:46: public/audio//A_Transformers/Frenzy.mp3 BPM not found in Metadata. Skip
INFO:__main__: 6.9.2024-23:25:46: public/audio//A_Transformers/Ironhide.mp3 BPM not found in Metadata. Skip
INFO:__main__: 6.9.2024-23:25:46: public/audio//A_Transformers/Jazz.mp3 BPM not found in Metadata. Skip
INFO:__main__: 6.9.2024-23:25:46: public/audio//A_Transformers/Megatron.mp3 BPM not found in Metadata. Skip
INFO:__main__: 6.9.2024-23:25:46: public/audio//A_Transformers/OptimusPrime.mp3 BPM not found in Metadata. Skip
INFO:__main__: 6.9.2024-23:25:46: public/audio//A_Transformers/Ratchet.mp3 BPM not found in Metadata. Skip
INFO:__main__: 6.9.2024-23:25:46: public/audio//A_Transformers/Starscream.mp3 BPM not found in Metadata. Skip
INFO:__main__: 6.9.2024-23:25:46: public/audio//A_Trap/Hard-Trap-Beat.mp3 Artists not found in Metadata. Skip
INFO:__main__: 6.9.2024-23:25:46: public/audio//A_Trap/Hard-Trap-Beat.mp3 Genre not found in Metadata. Skip
INFO:__main__: 6.9.2024-23:25:46: public/audio//A_Trap/Hard-Trap-Beat.mp3 BPM not found in Metadata. Skip
INFO:__main__: 6.9.2024-23:25:46: public/audio//A_Trap/wondagurl.mp3 Artists not found in Metadata. Skip
INFO:__main__: 6.9.2024-23:25:46: public/audio//A_Trap/wondagurl.mp3 Genre not found in Metadata. Skip
INFO:__main__: 6.9.2024-23:25:46: public/audio//A_Trap/wondagurl.mp3 BPM not found in Metadata. Skip
INFO:__main__: 6.9.2024-23:25:46: public/audio//A_Villians/Agent_smith.mp3 BPM not found in Metadata. Skip
INFO:__main__: 6.9.2024-23:25:46: public/audio//A_Villians/barbossa_and_skeletons.mp3 BPM not found in Metadata. Skip
INFO:__main__: 6.9.2024-23:25:46: public/audio//A_Villians/Barney_Stinson.mp3 BPM not found in Metadata. Skip
INFO:__main__: 6.9.2024-23:25:46: public/audio//A_Villians/chucky.mp3 BPM not found in Metadata. Skip
INFO:__main__: 6.9.2024-23:25:46: public/audio//A_Villians/DarkEmperor.mp3 Problem with ID3. Will skip this
INFO:__main__: 6.9.2024-23:25:46: public/audio//A_Villians/general_grievous.mp3 BPM not found in Metadata. Skip
INFO:__main__: 6.9.2024-23:25:46: public/audio//A_Villians/Helmut.mp3 BPM not found in Metadata. Skip
INFO:__main__: 6.9.2024-23:25:46: public/audio//A_Villians/Joker.mp3 BPM not found in Metadata. Skip
INFO:__main__: 6.9.2024-23:25:46: public/audio//A_Villians/megatron.mp3 BPM not found in Metadata. Skip
INFO:__main__: 6.9.2024-23:25:46: public/audio//A_Villians/Mojo_Jojo.mp3 BPM not found in Metadata. Skip
INFO:__main__: 6.9.2024-23:25:46: public/audio//A_Villians/Patrick_Star.mp3 BPM not found in Metadata. Skip
INFO:__main__: 6.9.2024-23:25:46: public/audio//A_Villians/Peter_Griffin.mp3 BPM not found in Metadata. Skip
INFO:__main__: 6.9.2024-23:25:46: public/audio//A_Villians/plancton.mp3 Problem with ID3. Will skip this
INFO:__main__: 6.9.2024-23:25:46: public/audio//A_Villians/Prince.mp3 BPM not found in Metadata. Skip
INFO:__main__: 6.9.2024-23:25:46: public/audio//A_Villians/principleSkinner.mp3 BPM not found in Metadata. Skip
INFO:__main__: 6.9.2024-23:25:46: public/audio//A_Villians/robot.mp3 BPM not found in Metadata. Skip
INFO:__main__: 6.9.2024-23:25:46: public/audio//A_Villians/Spongebob_Dennis.mp3 BPM not found in Metadata. Skip
INFO:__main__: 6.9.2024-23:25:46: public/audio//A_Villians/timmys_dad.mp3 BPM not found in Metadata. Skip
INFO:__main__: 6.9.2024-23:25:46: public/audio//A_Villians/tom_vs_jerry.mp3 BPM not found in Metadata. Skip
INFO:__main__: 6.9.2024-23:25:46: public/audio//A_Villians/Vicky.mp3 BPM not found in Metadata. Skip
INFO:__main__: 6.9.2024-23:25:46: public/audio//Funkr/autumn-is-coming-lofi-drums.mp3 Artists not found in Metadata. Skip
INFO:__main__: 6.9.2024-23:25:46: public/audio//Funkr/autumn-is-coming-lofi-drums.mp3 Genre not found in Metadata. Skip
INFO:__main__: 6.9.2024-23:25:46: public/audio//Funkr/autumn-is-coming-lofi-drums.mp3 BPM not found in Metadata. Skip
INFO:__main__: 6.9.2024-23:25:46: public/audio//Funkr/boom-bap-drums.mp3 BPM not found in Metadata. Skip
INFO:__main__: 6.9.2024-23:25:46: public/audio//Funkr/casey.mp3 Artists not found in Metadata. Skip
INFO:__main__: 6.9.2024-23:25:46: public/audio//Funkr/casey.mp3 Genre not found in Metadata. Skip
INFO:__main__: 6.9.2024-23:25:46: public/audio//Funkr/casey.mp3 BPM not found in Metadata. Skip
INFO:__main__: 6.9.2024-23:25:46: public/audio//Funkr/drumLoopFazed_81.mp3 Artists not found in Metadata. Skip
INFO:__main__: 6.9.2024-23:25:46: public/audio//Funkr/drumLoopFazed_81.mp3 Genre not found in Metadata. Skip
INFO:__main__: 6.9.2024-23:25:46: public/audio//Funkr/drumLoopFazed_81.mp3 BPM not found in Metadata. Skip
INFO:__main__: 6.9.2024-23:25:46: public/audio//Funkr/hipster-boom-bap.mp3 BPM not found in Metadata. Skip
INFO:__main__: 6.9.2024-23:25:46: public/audio//Funkr/j-cole-type-drums-i.mp3 Artists not found in Metadata. Skip
INFO:__main__: 6.9.2024-23:25:46: public/audio//Funkr/j-cole-type-drums-i.mp3 Genre not found in Metadata. Skip
INFO:__main__: 6.9.2024-23:25:46: public/audio//Funkr/j-cole-type-drums-i.mp3 BPM not found in Metadata. Skip
INFO:__main__: 6.9.2024-23:25:46: public/audio//Funkr/Lofi Boom Bap Drums.mp3 Artists not found in Metadata. Skip
INFO:__main__: 6.9.2024-23:25:46: public/audio//Funkr/Lofi Boom Bap Drums.mp3 Genre not found in Metadata. Skip
INFO:__main__: 6.9.2024-23:25:46: public/audio//Funkr/Lofi Boom Bap Drums.mp3 BPM not found in Metadata. Skip
INFO:__main__: 6.9.2024-23:25:46: public/audio//Funkr/lofi-drums-2.mp3 Artists not found in Metadata. Skip
INFO:__main__: 6.9.2024-23:25:46: public/audio//Funkr/lofi-drums-2.mp3 Genre not found in Metadata. Skip
INFO:__main__: 6.9.2024-23:25:46: public/audio//Funkr/lofi-drums-2.mp3 BPM not found in Metadata. Skip
INFO:__main__: 6.9.2024-23:25:46: public/audio//Funkr/roots-reggae-drums.mp3 Artists not found in Metadata. Skip
INFO:__main__: 6.9.2024-23:25:46: public/audio//Funkr/roots-reggae-drums.mp3 Genre not found in Metadata. Skip
INFO:__main__: 6.9.2024-23:25:46: public/audio//Funkr/roots-reggae-drums.mp3 BPM not found in Metadata. Skip
INFO:__main__: 6.9.2024-23:25:46: public/audio//Funkr/vintage-drum-loop.mp3 BPM not found in Metadata. Skip
INFO:__main__: 6.9.2024-23:25:46: public/audio//kitLoop_Warey_128.mp3 Artists not found in Metadata. Skip
INFO:__main__: 6.9.2024-23:25:46: public/audio//kitLoop_Warey_128.mp3 Genre not found in Metadata. Skip
INFO:__main__: 6.9.2024-23:25:46: public/audio//kitLoop_Warey_128.mp3 BPM not found in Metadata. Skip
INFO:__main__: 6.9.2024-23:25:46: public/audio//Misc/stadion_cheering.mp3 Problem with ID3. Will skip this
INFO:__main__: 6.9.2024-23:25:46: public/audio//Popr/ian-melody.mp3 BPM not found in Metadata. Skip
INFO:__main__: 6.9.2024-23:25:46: public/audio//Popr/woodchords_rev.mp3 Problem with ID3. Will skip this
INFO:__main__: 6.9.2024-23:25:46: public/audio//Ravr/303-acid-lead.mp3 BPM not found in Metadata. Skip
INFO:__main__: 6.9.2024-23:25:46: public/audio//Ravr/DrumNBase170BPM.mp3 Artists not found in Metadata. Skip
INFO:__main__: 6.9.2024-23:25:46: public/audio//Ravr/DrumNBase170BPM.mp3 Genre not found in Metadata. Skip
INFO:__main__: 6.9.2024-23:25:46: public/audio//Ravr/DrumNBase170BPM.mp3 BPM not found in Metadata. Skip
INFO:__main__: 6.9.2024-23:25:46: public/audio//Ravr/dubstep-loop-2.mp3 Problem with ID3. Will skip this
INFO:__main__: 6.9.2024-23:25:46: public/audio//Ravr/energy-bass.mp3 BPM not found in Metadata. Skip
INFO:__main__: 6.9.2024-23:25:46: public/audio//Ravr/HN2_drums.mp3 Artists not found in Metadata. Skip
INFO:__main__: 6.9.2024-23:25:46: public/audio//Ravr/HN2_drums.mp3 Genre not found in Metadata. Skip
INFO:__main__: 6.9.2024-23:25:46: public/audio//Ravr/HN2_drums.mp3 BPM not found in Metadata. Skip
INFO:__main__: 6.9.2024-23:25:46: public/audio//Ravr/house-kicker-03.mp3 BPM not found in Metadata. Skip
INFO:__main__: 6.9.2024-23:25:46: public/audio//Ravr/How-it-started-kicks.mp3 Artists not found in Metadata. Skip
INFO:__main__: 6.9.2024-23:25:46: public/audio//Ravr/How-it-started-kicks.mp3 Genre not found in Metadata. Skip
INFO:__main__: 6.9.2024-23:25:46: public/audio//Ravr/How-it-started-kicks.mp3 BPM not found in Metadata. Skip
INFO:__main__: 6.9.2024-23:25:46: public/audio//Ravr/side-chained-bass.mp3 BPM not found in Metadata. Skip
INFO:__main__: 6.9.2024-23:25:46: public/audio//Ravr/Solid Beat.mp3 Genre not found in Metadata. Skip
INFO:__main__: 6.9.2024-23:25:46: public/audio//Ravr/Solid Beat.mp3 BPM not found in Metadata. Skip
INFO:__main__: 6.9.2024-23:25:46: public/audio//Ravr/yeat-acid-trap.mp3 BPM not found in Metadata. Skip
INFO:__main__: 6.9.2024-23:25:46: public/audio//Rockr/blink-182-type-verse-drums.mp3 Artists not found in Metadata. Skip
INFO:__main__: 6.9.2024-23:25:46: public/audio//Rockr/blink-182-type-verse-drums.mp3 Genre not found in Metadata. Skip
INFO:__main__: 6.9.2024-23:25:46: public/audio//Rockr/blink-182-type-verse-drums.mp3 BPM not found in Metadata. Skip
INFO:__main__: 6.9.2024-23:25:46: public/audio//Rockr/Garage.mp3 Problem with ID3. Will skip this
INFO:__main__: 6.9.2024-23:25:46: public/audio//Rockr/XYZ.mp3 Problem with ID3. Will skip this
INFO:__main__: 6.9.2024-23:25:46: folder_structure established
INFO:__main__: 6.9.2024-23:25:46: 0 songs found
INFO:__main__: 6.9.2024-23:25:46: Finished
